# JRE version: OpenJDK Runtime Environment Temurin-21.0.6+7 (21.0.6+7) (build 21.0.6+7-LTS)
# Java VM: OpenJDK 64-Bit Server VM Temurin-21.0.6+7 (21.0.6+7-LTS, mixed mode, sharing, tiered, compressed oops, compressed class ptrs, parallel gc, windows-amd64)
GC Precious Log:
 CardTable entry size: 512
 CPUs: 12 total, 12 available
 Memory: 16309M
 Large Page Support: Disabled
 NUMA Support: Disabled
 Compressed Oops: Enabled (32-bit)
 Alignments: Space 512K, Generation 512K, Heap 2M
 Heap Min Capacity: 100M
 Heap Initial Capacity: 100M
 Heap Max Capacity: 1G
 Pre-touch: Disabled
 Parallel Workers: 10
Heap:
 PSYoungGen      total 5120K, used 4252K [0x00000000eab00000, 0x00000000eb300000, 0x0000000100000000)
  eden space 4608K, 84% used [0x00000000eab00000,0x00000000eaec9f58,0x00000000eaf80000)
  from space 512K, 72% used [0x00000000eb200000,0x00000000eb25d200,0x00000000eb280000)
  to   space 512K, 0% used [0x00000000eb280000,0x00000000eb280000,0x00000000eb300000)
 ParOldGen       total 519680K, used 519651K [0x00000000c0000000, 0x00000000dfb80000, 0x00000000eab00000)
  object space 519680K, 99% used [0x00000000c0000000,0x00000000dfb78d00,0x00000000dfb80000)
 Metaspace       used 99314K, committed 101056K, reserved 1179648K
  class space    used 10243K, committed 11072K, reserved 1048576K
GC Heap History (20 events):
Event: 4156.886 GC heap before
{Heap before GC invocations=10179 (full 14):
 PSYoungGen      total 6656K, used 4954K [0x00000000eab00000, 0x00000000eb400000, 0x0000000100000000)
  eden space 4608K, 100% used [0x00000000eab00000,0x00000000eaf80000,0x00000000eaf80000)
  from space 2048K, 16% used [0x00000000eb100000,0x00000000eb156900,0x00000000eb300000)
  to   space 1024K, 0% used [0x00000000eb300000,0x00000000eb300000,0x00000000eb400000)
 ParOldGen       total 518144K, used 518068K [0x00000000c0000000, 0x00000000dfa00000, 0x00000000eab00000)
  object space 518144K, 99% used [0x00000000c0000000,0x00000000df9ed0f0,0x00000000dfa00000)
 Metaspace       used 99314K, committed 101056K, reserved 1179648K
  class space    used 10243K, committed 11072K, reserved 1048576K
}
Event: 4156.887 GC heap after
{Heap after GC invocations=10179 (full 14):
 PSYoungGen      total 5120K, used 416K [0x00000000eab00000, 0x00000000eb380000, 0x0000000100000000)
  eden space 4608K, 0% used [0x00000000eab00000,0x00000000eab00000,0x00000000eaf80000)
  from space 512K, 81% used [0x00000000eb300000,0x00000000eb368000,0x00000000eb380000)
  to   space 512K, 0% used [0x00000000eb280000,0x00000000eb280000,0x00000000eb300000)
 ParOldGen       total 518656K, used 518148K [0x00000000c0000000, 0x00000000dfa80000, 0x00000000eab00000)
  object space 518656K, 99% used [0x00000000c0000000,0x00000000dfa010f0,0x00000000dfa80000)
 Metaspace       used 99314K, committed 101056K, reserved 1179648K
  class space    used 10243K, committed 11072K, reserved 1048576K
}
Event: 4156.893 GC heap before
{Heap before GC invocations=10180 (full 14):
 PSYoungGen      total 5120K, used 5024K [0x00000000eab00000, 0x00000000eb380000, 0x0000000100000000)
  eden space 4608K, 100% used [0x00000000eab00000,0x00000000eaf80000,0x00000000eaf80000)
  from space 512K, 81% used [0x00000000eb300000,0x00000000eb368000,0x00000000eb380000)
  to   space 512K, 0% used [0x00000000eb280000,0x00000000eb280000,0x00000000eb300000)
 ParOldGen       total 518656K, used 518148K [0x00000000c0000000, 0x00000000dfa80000, 0x00000000eab00000)
  object space 518656K, 99% used [0x00000000c0000000,0x00000000dfa010f0,0x00000000dfa80000)
 Metaspace       used 99314K, committed 101056K, reserved 1179648K
  class space    used 10243K, committed 11072K, reserved 1048576K
}
Event: 4156.894 GC heap after
{Heap after GC invocations=10180 (full 14):
 PSYoungGen      total 5120K, used 512K [0x00000000eab00000, 0x00000000eb380000, 0x0000000100000000)
  eden space 4608K, 0% used [0x00000000eab00000,0x00000000eab00000,0x00000000eaf80000)
  from space 512K, 100% used [0x00000000eb280000,0x00000000eb300000,0x00000000eb300000)
  to   space 512K, 0% used [0x00000000eb300000,0x00000000eb300000,0x00000000eb380000)
 ParOldGen       total 518656K, used 518181K [0x00000000c0000000, 0x00000000dfa80000, 0x00000000eab00000)
  object space 518656K, 99% used [0x00000000c0000000,0x00000000dfa09700,0x00000000dfa80000)
 Metaspace       used 99314K, committed 101056K, reserved 1179648K
  class space    used 10243K, committed 11072K, reserved 1048576K
}
Event: 4156.900 GC heap before
{Heap before GC invocations=10181 (full 14):
 PSYoungGen      total 5120K, used 5120K [0x00000000eab00000, 0x00000000eb380000, 0x0000000100000000)
  eden space 4608K, 100% used [0x00000000eab00000,0x00000000eaf80000,0x00000000eaf80000)
  from space 512K, 100% used [0x00000000eb280000,0x00000000eb300000,0x00000000eb300000)
  to   space 512K, 0% used [0x00000000eb300000,0x00000000eb300000,0x00000000eb380000)
 ParOldGen       total 518656K, used 518181K [0x00000000c0000000, 0x00000000dfa80000, 0x00000000eab00000)
  object space 518656K, 99% used [0x00000000c0000000,0x00000000dfa09700,0x00000000dfa80000)
 Metaspace       used 99314K, committed 101056K, reserved 1179648K
  class space    used 10243K, committed 11072K, reserved 1048576K
}
Event: 4156.901 GC heap after
{Heap after GC invocations=10181 (full 14):
 PSYoungGen      total 5120K, used 346K [0x00000000eab00000, 0x00000000eb380000, 0x0000000100000000)
  eden space 4608K, 0% used [0x00000000eab00000,0x00000000eab00000,0x00000000eaf80000)
  from space 512K, 67% used [0x00000000eb300000,0x00000000eb356900,0x00000000eb380000)
  to   space 512K, 0% used [0x00000000eb280000,0x00000000eb280000,0x00000000eb300000)
 ParOldGen       total 518656K, used 518554K [0x00000000c0000000, 0x00000000dfa80000, 0x00000000eab00000)
  object space 518656K, 99% used [0x00000000c0000000,0x00000000dfa66900,0x00000000dfa80000)
 Metaspace       used 99314K, committed 101056K, reserved 1179648K
  class space    used 10243K, committed 11072K, reserved 1048576K
}
Event: 4156.907 GC heap before
{Heap before GC invocations=10182 (full 14):
 PSYoungGen      total 5120K, used 4954K [0x00000000eab00000, 0x00000000eb380000, 0x0000000100000000)
  eden space 4608K, 100% used [0x00000000eab00000,0x00000000eaf80000,0x00000000eaf80000)
  from space 512K, 67% used [0x00000000eb300000,0x00000000eb356900,0x00000000eb380000)
  to   space 512K, 0% used [0x00000000eb280000,0x00000000eb280000,0x00000000eb300000)
 ParOldGen       total 518656K, used 518554K [0x00000000c0000000, 0x00000000dfa80000, 0x00000000eab00000)
  object space 518656K, 99% used [0x00000000c0000000,0x00000000dfa66900,0x00000000dfa80000)
 Metaspace       used 99314K, committed 101056K, reserved 1179648K
  class space    used 10243K, committed 11072K, reserved 1048576K
}
Event: 4156.908 GC heap after
{Heap after GC invocations=10182 (full 14):
 PSYoungGen      total 5120K, used 352K [0x00000000eab00000, 0x00000000eb380000, 0x0000000100000000)
  eden space 4608K, 0% used [0x00000000eab00000,0x00000000eab00000,0x00000000eaf80000)
  from space 512K, 68% used [0x00000000eb280000,0x00000000eb2d8000,0x00000000eb300000)
  to   space 512K, 0% used [0x00000000eb300000,0x00000000eb300000,0x00000000eb380000)
 ParOldGen       total 519168K, used 518682K [0x00000000c0000000, 0x00000000dfb00000, 0x00000000eab00000)
  object space 519168K, 99% used [0x00000000c0000000,0x00000000dfa86900,0x00000000dfb00000)
 Metaspace       used 99314K, committed 101056K, reserved 1179648K
  class space    used 10243K, committed 11072K, reserved 1048576K
}
Event: 4156.913 GC heap before
{Heap before GC invocations=10183 (full 14):
 PSYoungGen      total 5120K, used 4960K [0x00000000eab00000, 0x00000000eb380000, 0x0000000100000000)
  eden space 4608K, 100% used [0x00000000eab00000,0x00000000eaf80000,0x00000000eaf80000)
  from space 512K, 68% used [0x00000000eb280000,0x00000000eb2d8000,0x00000000eb300000)
  to   space 512K, 0% used [0x00000000eb300000,0x00000000eb300000,0x00000000eb380000)
 ParOldGen       total 519168K, used 518682K [0x00000000c0000000, 0x00000000dfb00000, 0x00000000eab00000)
  object space 519168K, 99% used [0x00000000c0000000,0x00000000dfa86900,0x00000000dfb00000)
 Metaspace       used 99314K, committed 101056K, reserved 1179648K
  class space    used 10243K, committed 11072K, reserved 1048576K
}
Event: 4156.915 GC heap after
{Heap after GC invocations=10183 (full 14):
 PSYoungGen      total 5120K, used 474K [0x00000000eab00000, 0x00000000eb380000, 0x0000000100000000)
  eden space 4608K, 0% used [0x00000000eab00000,0x00000000eab00000,0x00000000eaf80000)
  from space 512K, 92% used [0x00000000eb300000,0x00000000eb376900,0x00000000eb380000)
  to   space 512K, 0% used [0x00000000eb280000,0x00000000eb280000,0x00000000eb300000)
 ParOldGen       total 519168K, used 518682K [0x00000000c0000000, 0x00000000dfb00000, 0x00000000eab00000)
  object space 519168K, 99% used [0x00000000c0000000,0x00000000dfa86900,0x00000000dfb00000)
 Metaspace       used 99314K, committed 101056K, reserved 1179648K
  class space    used 10243K, committed 11072K, reserved 1048576K
}
Event: 4156.920 GC heap before
{Heap before GC invocations=10184 (full 14):
 PSYoungGen      total 5120K, used 5082K [0x00000000eab00000, 0x00000000eb380000, 0x0000000100000000)
  eden space 4608K, 100% used [0x00000000eab00000,0x00000000eaf80000,0x00000000eaf80000)
  from space 512K, 92% used [0x00000000eb300000,0x00000000eb376900,0x00000000eb380000)
  to   space 512K, 0% used [0x00000000eb280000,0x00000000eb280000,0x00000000eb300000)
 ParOldGen       total 519168K, used 518682K [0x00000000c0000000, 0x00000000dfb00000, 0x00000000eab00000)
  object space 519168K, 99% used [0x00000000c0000000,0x00000000dfa86900,0x00000000dfb00000)
 Metaspace       used 99314K, committed 101056K, reserved 1179648K
  class space    used 10243K, committed 11072K, reserved 1048576K
}
Event: 4156.921 GC heap after
{Heap after GC invocations=10184 (full 14):
 PSYoungGen      total 5120K, used 512K [0x00000000eab00000, 0x00000000eb380000, 0x0000000100000000)
  eden space 4608K, 0% used [0x00000000eab00000,0x00000000eab00000,0x00000000eaf80000)
  from space 512K, 100% used [0x00000000eb280000,0x00000000eb300000,0x00000000eb300000)
  to   space 512K, 0% used [0x00000000eb300000,0x00000000eb300000,0x00000000eb380000)
 ParOldGen       total 519168K, used 518698K [0x00000000c0000000, 0x00000000dfb00000, 0x00000000eab00000)
  object space 519168K, 99% used [0x00000000c0000000,0x00000000dfa8a900,0x00000000dfb00000)
 Metaspace       used 99314K, committed 101056K, reserved 1179648K
  class space    used 10243K, committed 11072K, reserved 1048576K
}
Event: 4156.928 GC heap before
{Heap before GC invocations=10185 (full 14):
 PSYoungGen      total 5120K, used 5120K [0x00000000eab00000, 0x00000000eb380000, 0x0000000100000000)
  eden space 4608K, 100% used [0x00000000eab00000,0x00000000eaf80000,0x00000000eaf80000)
  from space 512K, 100% used [0x00000000eb280000,0x00000000eb300000,0x00000000eb300000)
  to   space 512K, 0% used [0x00000000eb300000,0x00000000eb300000,0x00000000eb380000)
 ParOldGen       total 519168K, used 518698K [0x00000000c0000000, 0x00000000dfb00000, 0x00000000eab00000)
  object space 519168K, 99% used [0x00000000c0000000,0x00000000dfa8a900,0x00000000dfb00000)
 Metaspace       used 99314K, committed 101056K, reserved 1179648K
  class space    used 10243K, committed 11072K, reserved 1048576K
}
Event: 4156.930 GC heap after
{Heap after GC invocations=10185 (full 14):
 PSYoungGen      total 5120K, used 500K [0x00000000eab00000, 0x00000000eb380000, 0x0000000100000000)
  eden space 4608K, 0% used [0x00000000eab00000,0x00000000eab00000,0x00000000eaf80000)
  from space 512K, 97% used [0x00000000eb300000,0x00000000eb37d200,0x00000000eb380000)
  to   space 1536K, 0% used [0x00000000eb080000,0x00000000eb080000,0x00000000eb200000)
 ParOldGen       total 519168K, used 519158K [0x00000000c0000000, 0x00000000dfb00000, 0x00000000eab00000)
  object space 519168K, 99% used [0x00000000c0000000,0x00000000dfafdb00,0x00000000dfb00000)
 Metaspace       used 99314K, committed 101056K, reserved 1179648K
  class space    used 10243K, committed 11072K, reserved 1048576K
}
Event: 4156.936 GC heap before
{Heap before GC invocations=10186 (full 14):
 PSYoungGen      total 5120K, used 5108K [0x00000000eab00000, 0x00000000eb380000, 0x0000000100000000)
  eden space 4608K, 100% used [0x00000000eab00000,0x00000000eaf80000,0x00000000eaf80000)
  from space 512K, 97% used [0x00000000eb300000,0x00000000eb37d200,0x00000000eb380000)
  to   space 1536K, 0% used [0x00000000eb080000,0x00000000eb080000,0x00000000eb200000)
 ParOldGen       total 519168K, used 519158K [0x00000000c0000000, 0x00000000dfb00000, 0x00000000eab00000)
  object space 519168K, 99% used [0x00000000c0000000,0x00000000dfafdb00,0x00000000dfb00000)
 Metaspace       used 99314K, committed 101056K, reserved 1179648K
  class space    used 10243K, committed 11072K, reserved 1048576K
}
Event: 4156.937 GC heap after
{Heap after GC invocations=10186 (full 14):
 PSYoungGen      total 6144K, used 634K [0x00000000eab00000, 0x00000000eb380000, 0x0000000100000000)
  eden space 4608K, 0% used [0x00000000eab00000,0x00000000eab00000,0x00000000eaf80000)
  from space 1536K, 41% used [0x00000000eb080000,0x00000000eb11e900,0x00000000eb200000)
  to   space 1024K, 0% used [0x00000000eb280000,0x00000000eb280000,0x00000000eb380000)
 ParOldGen       total 519680K, used 519539K [0x00000000c0000000, 0x00000000dfb80000, 0x00000000eab00000)
  object space 519680K, 99% used [0x00000000c0000000,0x00000000dfb5cd00,0x00000000dfb80000)
 Metaspace       used 99314K, committed 101056K, reserved 1179648K
  class space    used 10243K, committed 11072K, reserved 1048576K
}
Event: 4156.943 GC heap before
{Heap before GC invocations=10187 (full 14):
 PSYoungGen      total 6144K, used 5242K [0x00000000eab00000, 0x00000000eb380000, 0x0000000100000000)
  eden space 4608K, 100% used [0x00000000eab00000,0x00000000eaf80000,0x00000000eaf80000)
  from space 1536K, 41% used [0x00000000eb080000,0x00000000eb11e900,0x00000000eb200000)
  to   space 1024K, 0% used [0x00000000eb280000,0x00000000eb280000,0x00000000eb380000)
 ParOldGen       total 519680K, used 519539K [0x00000000c0000000, 0x00000000dfb80000, 0x00000000eab00000)
  object space 519680K, 99% used [0x00000000c0000000,0x00000000dfb5cd00,0x00000000dfb80000)
 Metaspace       used 99314K, committed 101056K, reserved 1179648K
  class space    used 10243K, committed 11072K, reserved 1048576K
}
Event: 4156.944 GC heap after
{Heap after GC invocations=10187 (full 14):
 PSYoungGen      total 5120K, used 320K [0x00000000eab00000, 0x00000000eb300000, 0x0000000100000000)
  eden space 4608K, 0% used [0x00000000eab00000,0x00000000eab00000,0x00000000eaf80000)
  from space 512K, 62% used [0x00000000eb280000,0x00000000eb2d00f0,0x00000000eb300000)
  to   space 512K, 0% used [0x00000000eb200000,0x00000000eb200000,0x00000000eb280000)
 ParOldGen       total 519680K, used 519651K [0x00000000c0000000, 0x00000000dfb80000, 0x00000000eab00000)
  object space 519680K, 99% used [0x00000000c0000000,0x00000000dfb78d00,0x00000000dfb80000)
 Metaspace       used 99314K, committed 101056K, reserved 1179648K
  class space    used 10243K, committed 11072K, reserved 1048576K
}
Event: 4156.953 GC heap before
{Heap before GC invocations=10188 (full 14):
 PSYoungGen      total 5120K, used 4928K [0x00000000eab00000, 0x00000000eb300000, 0x0000000100000000)
  eden space 4608K, 100% used [0x00000000eab00000,0x00000000eaf80000,0x00000000eaf80000)
  from space 512K, 62% used [0x00000000eb280000,0x00000000eb2d00f0,0x00000000eb300000)
  to   space 512K, 0% used [0x00000000eb200000,0x00000000eb200000,0x00000000eb280000)
 ParOldGen       total 519680K, used 519651K [0x00000000c0000000, 0x00000000dfb80000, 0x00000000eab00000)
  object space 519680K, 99% used [0x00000000c0000000,0x00000000dfb78d00,0x00000000dfb80000)
 Metaspace       used 99314K, committed 101056K, reserved 1179648K
  class space    used 10243K, committed 11072K, reserved 1048576K
}
Event: 4156.954 GC heap after
{Heap after GC invocations=10188 (full 14):
 PSYoungGen      total 5120K, used 372K [0x00000000eab00000, 0x00000000eb300000, 0x0000000100000000)
  eden space 4608K, 0% used [0x00000000eab00000,0x00000000eab00000,0x00000000eaf80000)
  from space 512K, 72% used [0x00000000eb200000,0x00000000eb25d200,0x00000000eb280000)
  to   space 512K, 0% used [0x00000000eb280000,0x00000000eb280000,0x00000000eb300000)
 ParOldGen       total 519680K, used 519651K [0x00000000c0000000, 0x00000000dfb80000, 0x00000000eab00000)
  object space 519680K, 99% used [0x00000000c0000000,0x00000000dfb78d00,0x00000000dfb80000)
 Metaspace       used 99314K, committed 101056K, reserved 1179648K
  class space    used 10243K, committed 11072K, reserved 1048576K
}

